<?xml version="1.0" encoding="UTF-8"?>
<!-- Generated by org.testng.reporters.JUnitReportReporter -->
<testsuite hostname="kalpesh16" failures="0" tests="3" name="DemoA.HybridFrameworkFacebook.ExecutionScript" time="14.083" errors="0" timestamp="07 Jan 2022 14:30:00 GMT" skipped="0">
  <testcase classname="DemoA.HybridFrameworkFacebook.ExecutionScript" name="Fb" time="4.446"/>
  <testcase classname="DemoA.HybridFrameworkFacebook.ExecutionScript" name="Fb" time="5.786"/>
  <testcase classname="DemoA.HybridFrameworkFacebook.ExecutionScript" name="Fb" time="3.851"/>
</testsuite> <!-- DemoA.HybridFrameworkFacebook.ExecutionScript -->
